%EventDef PajeDefineContainerType 0
% Name string
% Type string
% Alias string
%EndEventDef
%EventDef PajeDefineStateType 1
% Name string
% Type string
% Alias string
%EndEventDef
%EventDef PajeDefineEventType 2
% Name string
% Type string
% Alias string
%EndEventDef
%EventDef PajeDefineVariableType 3
% Name string
% Type string
% Color color
% Alias string
%EndEventDef
%EventDef PajeDefineLinkType 4
% Name string
% Type string
% StartContainerType string
% EndContainerType string
% Alias string
%EndEventDef
%EventDef PajeDefineEntityValue 5
% Type string
% Name string
% Color color
% Alias string
%EndEventDef
%EventDef PajeCreateContainer 7
% Time date
% Name string
% Type string
% Container string
% Alias string
%EndEventDef
%EventDef PajeDestroyContainer 8
% Time date
% Name string
% Type string
%EndEventDef
%EventDef PajeSetState 10
% Time date
% Type string
% Container string
% Value string
%EndEventDef
%EventDef PajePushState 11
% Time date
% Type string
% Container string
% Value string
%EndEventDef
%EventDef PajePushState 14
% Time date
% Type string
% Container string
% Value string
% Extra string
%EndEventDef
%EventDef PajePopState 12
% Time date
% Type string
% Container string
%EndEventDef
%EventDef PajeResetState 13
% Time date
% Type string
% Container string
%EndEventDef
%EventDef PajeNewEvent 20
% Time date
% Type string
% Container string
% Value string
%EndEventDef
%EventDef PajeSetVariable 30
% Time date
% Type string
% Container string
% Value double
%EndEventDef
%EventDef PajeAddVariable 31
% Time date
% Type string
% Container string
% Value double
%EndEventDef
%EventDef PajeSubVariable 32
% Time date
% Type string
% Container string
% Value double
%EndEventDef
%EventDef PajeStartLink 40
% Time date
% Type string
% Container string
% StartContainer string
% Value string
% Key string
%EndEventDef
%EventDef PajeEndLink 41
% Time date
% Type string
% Container string
% EndContainer string
% Value string
% Key string
%EndEventDef
0 "Program" "0" "CT_Program"
0 "Process" "CT_Program" "CT_Process"
0 "Thread" "CT_Process" "CT_Thread"
1 "Program state" "CT_Program" "ST_Program"
1 "Process state" "CT_Process" "ST_Process"
1 "Thread state" "CT_Thread" "ST_Thread"
1 "User state" "CT_Thread" "ST_User"
5 "ST_Thread" "EZTrace Flush" "1.0 1.0 1.0" "STV_FLUSH"
5 "ST_Thread" "Blocked" "1.0 0.0 0.0" "STV_Blocked"
5 "ST_Thread" "Working" "0.0 0.0 1.0" "STV_Working"
5 "ST_Thread" "Critical Section" "0.0 1.0 0.0" "STV_Critical"
5 "ST_User" "User Event" "0.0 1.0 0.0" "STV_User_Event_Green"
5 "ST_User" "User Event" "1.0 0.0 0.0" "STV_User_Event_Red"
5 "ST_User" "User Event" "0.1 0.5 0.8" "STV_User_Event_Blue"
5 "ST_User" "User Event" "1.0 1.0 0.0" "STV_User_Event_Yellow"
5 "ST_User" "User Event" "1.0 0.0 1.0" "STV_User_Event_Pink"
5 "ST_Thread" "EZTrace synchronization" "1.0 1.0 1.0" "STV_EZTRACE_SYNC"
2 "User Event" "CT_Thread" "E_UserEvent"
2 "SIGNAL Received" "CT_Thread" "E_SigSegv"
3 "Current CPU" "CT_Thread" "0 0 0" "V_CURCPU"
5 "ST_Thread" "stdio_read" "0.0 0.0 0.0" "stdio_read"
5 "ST_Thread" "stdio_pread" "0.0 0.0 0.0" "stdio_pread"
5 "ST_Thread" "stdio_readv" "0.0 0.0 0.0" "stdio_readv"
5 "ST_Thread" "stdio_fread" "0.0 0.0 0.0" "stdio_fread"
5 "ST_Thread" "stdio_write" "0.0 0.0 0.0" "stdio_write"
5 "ST_Thread" "stdio_pwrite" "0.0 0.0 0.0" "stdio_pwrite"
5 "ST_Thread" "stdio_writev" "0.0 0.0 0.0" "stdio_writev"
5 "ST_Thread" "stdio_fwrite" "0.0 0.0 0.0" "stdio_fwrite"
5 "ST_Thread" "stdio_select" "0.0 0.0 0.0" "stdio_select"
5 "ST_Thread" "stdio_pselect" "0.0 0.0 0.0" "stdio_pselect"
5 "ST_Thread" "stdio_lseek" "0.0 0.0 0.0" "stdio_lseek"
5 "ST_Thread" "stdio_poll" "0.0 0.0 0.0" "stdio_poll"
5 "ST_Thread" "stdio_ppoll" "0.0 0.0 0.0" "stdio_ppoll"
2 "SemPost" "CT_Thread" "E_SemPost"
2 "SemWait done" "CT_Thread" "E_SemWait_Done"
2 "Mutex Lock" "CT_Thread" "E_Mutex_Lock"
2 "Mutex Unlock" "CT_Thread" "E_Mutex_Unlock"
2 "Cond Signal" "CT_Thread" "E_CondSignal"
2 "Waiting for a lock" "CT_Thread" "E_LockStart"
2 "Lock acquired" "CT_Thread" "E_LockStop"
5 "ST_Thread" "Blocked on a semaphore" "1.0 0.0 0.0" "STV_Blocked_sem"
5 "ST_Thread" "Blocked on a spinlock" "1.0 0.0 0.0" "STV_Blocked_spin"
5 "ST_Thread" "Blocked on a mutex" "1.0 0.0 0.0" "STV_Blocked_mutex"
5 "ST_Thread" "Blocked on a condition" "1.0 0.0 0.0" "STV_Blocked_condition"
5 "ST_Thread" "Blocked on a rwlock" "1.0 0.0 0.0" "STV_Blocked_rwlock"
5 "ST_Thread" "Blocked on a barrier" "1.0 0.0 0.0" "STV_Blocked_barrier"
5 "ST_Thread" "Critical Section (semaphore)" "0.0 1.0 0.0" "STV_Critical_sem"
5 "ST_Thread" "Critical Section (spinlock)" "0.0 1.0 0.0" "STV_Critical_spin"
5 "ST_Thread" "Critical Section (mutex)" "0.0 1.0 0.0" "STV_Critical_mutex"
5 "ST_Thread" "Critical Section (condition)" "0.0 1.0 0.0" "STV_Critical_condition"
5 "ST_Thread" "Critical Section (rwlock)" "0.0 1.0 0.0" "STV_Critical_rwlock"
4 "OpenMP Parallel Section" "CT_Program" "CT_Thread" "CT_Thread" "GOMP_Section_Link"
5 "ST_Thread" "GOMP_Section_State" "1.0 0.0 1.0" "GOMP_Section_State"
5 "ST_Thread" "GOMP_Critical" "0.0 1.0 0.0" "GOMP_Critical"
5 "ST_Thread" "GOMP_Atomic" "0.0 1.0 0.0" "GOMP_Atomic"
5 "ST_Thread" "GOMP_Barrier" "1.0 0.6 0.0" "GOMP_Barrier"
5 "ST_Thread" "GOMP_Implicit_Barrier" "1.0 0.0 0.0" "GOMP_Implicit_Barrier"
5 "ST_Thread" "GOMP_For" "0.8 0.8 0.8" "GOMP_For"
5 "ST_Thread" "GOMP_Master" "1.0 1.0 1.0" "GOMP_Master"
5 "ST_Thread" "Blocked on an OpenMP lock" "1.0 0.0 0.0" "STV_GOMP_Lock"
5 "ST_Thread" "Holding an OpenMP lock" "0.0 1.0 0.0" "STV_GOMP_Locked"
5 "ST_Thread" "Blocked on an OpenMP nested lock" "1.0 0.0 0.0" "STV_GOMP_NLock"
5 "ST_Thread" "Holding an OpenMP nested lock" "0.0 1.0 0.0" "STV_GOMP_NLocked"
5 "ST_Thread" "GOMP_TaskWait" "1.0 0.6 0.0" "GOMP_TaskWait"
5 "ST_Thread" "GOMP_Task" "1.0 1.0 1.0" "GOMP_Task"
5 "ST_Thread" "GOMP_Untied_Task" "0.0 1.0 1.0" "GOMP_Untied_Task"
5 "ST_Thread" "Creating an OpenMP Task" "0.3 0.4 0.1" "GOMP_Task_Create"
5 "ST_Thread" "Creating an OpenMP Task" "0.1 0.5 0.8" "GOMP_Untied_Task_Create"
5 "ST_Thread" "Sending" "1.0 0.6 0.0" "STV_MPI_Send"
5 "ST_Thread" "MPI_Isend" "1.0 0.6 0.0" "STV_MPI_Isend"
5 "ST_Thread" "MPI_Ibsend" "1.0 0.6 0.0" "STV_MPI_Ibsend"
5 "ST_Thread" "MPI_Issend" "1.0 0.6 0.0" "STV_MPI_Issend"
5 "ST_Thread" "MPI_Irsend" "1.0 0.6 0.0" "STV_MPI_Irsend"
5 "ST_Thread" "SendRecv" "1.0 0.6 0.0" "STV_MPI_Sendrecv"
5 "ST_Thread" "Receiving" "0.6 0.1 0.9" "STV_MPI_Recv"
5 "ST_Thread" "MPI_Irecv" "0.6 0.1 0.9" "STV_MPI_Irecv"
5 "ST_Thread" "MPI_Wait" "1.0 0.0 0.0" "STV_MPI_Wait"
5 "ST_Thread" "MPI_Barrier" "1.0 0.0 1.0" "STV_MPI_Barrier"
5 "ST_Thread" "MPI_BCast" "1.0 0.0 1.0" "STV_MPI_BCast"
5 "ST_Thread" "MPI_Gather" "1.0 0.0 1.0" "STV_MPI_Gather"
5 "ST_Thread" "MPI_Scatter" "1.0 0.0 1.0" "STV_MPI_Scatter"
5 "ST_Thread" "MPI_Allgather" "1.0 0.0 1.0" "STV_MPI_Allgather"
5 "ST_Thread" "MPI_Alltoall" "1.0 0.0 1.0" "STV_MPI_Alltoall"
5 "ST_Thread" "MPI_Reduce" "1.0 0.0 1.0" "STV_MPI_Reduce"
5 "ST_Thread" "MPI_Allreduce" "1.0 0.0 1.0" "STV_MPI_Allreduce"
5 "ST_Thread" "MPI_Reduce_scatter" "1.0 0.0 1.0" "STV_MPI_reduce_scatter"
5 "ST_Thread" "MPI_Scan" "1.0 0.0 1.0" "STV_MPI_Scan"
5 "ST_Thread" "MPI_Ibarrier" "1.0 0.0 1.0" "STV_MPI_Ibarrier"
5 "ST_Thread" "MPI_Ibcast" "1.0 0.0 1.0" "STV_MPI_Ibcast"
5 "ST_Thread" "MPI_Igather" "1.0 0.0 1.0" "STV_MPI_Igather"
5 "ST_Thread" "MPI_Iscatter" "1.0 0.0 1.0" "STV_MPI_Iscatter"
5 "ST_Thread" "MPI_Iallgather" "1.0 0.0 1.0" "STV_MPI_Iallgather"
5 "ST_Thread" "MPI_Ialltoall" "1.0 0.0 1.0" "STV_MPI_Ialltoall"
5 "ST_Thread" "MPI_Ireduce" "1.0 0.0 1.0" "STV_MPI_Ireduce"
5 "ST_Thread" "MPI_Iallreduce" "1.0 0.0 1.0" "STV_MPI_Iallreduce"
5 "ST_Thread" "MPI_Ireduce_scatter" "1.0 0.0 1.0" "STV_MPI_Ireduce_scatter"
5 "ST_Thread" "MPI_Iscan" "1.0 0.0 1.0" "STV_MPI_Iscan"
5 "ST_Thread" "MPI_Probe" "0.6 0.1 0.9" "STV_MPI_Probe"
4 "MPI collective communication" "CT_Program" "CT_Thread" "CT_Thread" "L_MPI_Coll"
4 "MPI point to point communication" "CT_Program" "CT_Thread" "CT_Thread" "L_MPI_P2P"
4 "MPI SPAWN" "CT_Program" "CT_Thread" "CT_Thread" "L_MPI_SPAWN"
2 "MPI Send" "CT_Thread" "E_MPI_CommSend"
2 "MPI Recv" "CT_Thread" "E_MPI_CommRecv"
2 "End of an MPI communication" "CT_Thread" "E_MPI_EndComm"
2 "MPI_Probe" "CT_Thread" "E_MPI_Probe_success"
2 "MPI_IProbe success" "CT_Thread" "E_MPI_Iprobe_success"
2 "MPI_IProbe failed" "CT_Thread" "E_MPI_Iprobe_failed"
3 "Memory used" "CT_Process" "0 0 0" "V_Mem"
0 "GPU" "0" "CT_GPU"
1 "GPU" "CT_GPU" "ST_GPU"
4 "kernel" "CT_Process" "CT_Thread" "CT_GPU" "hToD_kernel"
4 "memcpy" "CT_Process" "CT_Thread" "CT_GPU" "HToD_memcpy"
4 "memcpy" "CT_Process" "CT_GPU" "CT_Thread" "DToH_memcpy"
4 "memcpy" "CT_Process" "CT_Thread" "CT_Thread" "HToH_memcpy"
4 "memcpy" "CT_Process" "CT_GPU" "CT_GPU" "DToD_memcpy"
5 "ST_Thread" "cuda_cuMemAlloc" "1.0 1.0 0.0" "cuda_cuMemAlloc"
5 "ST_Thread" "cuda_cuLaunchKernel" "0.0 1.0 0.0" "cuda_cuLaunchKernel"
5 "ST_Thread" "cuda_cudaThreadSynchronize" "1.0 0.0 0.0" "cuda_cudaThreadSynchronize"
5 "ST_Thread" "cuda_cuMemcpy" "0.0 0.0 0.0" "cuda_cuMemcpy"
5 "ST_GPU" "cuda_gpu_kernel" "0.0 1.0 0.0" "cuda_gpu_kernel"
5 "ST_GPU" "cuda_gpu_memcpy" "0.0 0.0 0.0" "cuda_gpu_memcpy"
5 "ST_GPU" "cuda_gpu_idle" "1.0 0.0 0.0" "cuda_gpu_idle"
3 "Memory used" "CT_GPU" "0 0 0" "V_GPU_Mem"
7 0.0000000000000e+00 "Program" "CT_Program" 0 "C_Prog"
7 0.0000000000000e+00 "P#0" "CT_Process" "C_Prog" "P#0"
7 0.0000000000000e+00 "P#0_T#3973158720" "CT_Thread" "P#0" "P#0_T#3973158720"
10 0.0000000000000e+00 "ST_Thread" "P#0_T#3973158720" "STV_Working"
7 0.0000000000000e+00 "P#1" "CT_Process" "C_Prog" "P#1"
7 0.0000000000000e+00 "P#1_T#1810073408" "CT_Thread" "P#1" "P#1_T#1810073408"
10 0.0000000000000e+00 "ST_Thread" "P#1_T#1810073408" "STV_Working"
7 0.0000000000000e+00 "P#2" "CT_Process" "C_Prog" "P#2"
7 0.0000000000000e+00 "P#2_T#3819898688" "CT_Thread" "P#2" "P#2_T#3819898688"
10 0.0000000000000e+00 "ST_Thread" "P#2_T#3819898688" "STV_Working"
7 0.0000000000000e+00 "P#3" "CT_Process" "C_Prog" "P#3"
7 0.0000000000000e+00 "P#3_T#3182556992" "CT_Thread" "P#3" "P#3_T#3182556992"
10 0.0000000000000e+00 "ST_Thread" "P#3_T#3182556992" "STV_Working"
11 2.0623000000000e-02 "ST_Thread" "P#1_T#1810073408" "STV_MPI_Send"
40 2.0623000000000e-02 "L_MPI_P2P" "C_Prog" "P#1_T#1810073408" "src=1, dest=0, len=4, tag=1" "1_0_                   1_0xef6bf0"
12 2.8053000000000e-02 "ST_Thread" "P#1_T#1810073408"
11 3.2193000000000e-02 "ST_Thread" "P#1_T#1810073408" "STV_MPI_Recv"
11 4.0693000000000e-02 "ST_Thread" "P#2_T#3819898688" "STV_MPI_Send"
40 4.0693000000000e-02 "L_MPI_P2P" "C_Prog" "P#2_T#3819898688" "src=2, dest=0, len=4, tag=1" "2_0_                   1_0xef6c78"
11 4.1447000000000e-02 "ST_Thread" "P#3_T#3182556992" "STV_MPI_Send"
40 4.1447000000000e-02 "L_MPI_P2P" "C_Prog" "P#3_T#3182556992" "src=3, dest=0, len=4, tag=1" "3_0_                   1_0xef6d00"
12 7.8467000000000e-02 "ST_Thread" "P#2_T#3819898688"
11 8.8877000000000e-02 "ST_Thread" "P#2_T#3819898688" "STV_MPI_Recv"
11 1.3231932460000e+03 "ST_Thread" "P#0_T#3973158720" "STV_MPI_Recv"
41 1.3234761580000e+03 "L_MPI_P2P" "C_Prog" "P#0_T#3973158720" "src=2, dest=0, len=4, tag=1" "2_0_                   1_0xef6c78"
12 1.3234761580000e+03 "ST_Thread" "P#0_T#3973158720"
11 1.3234797170000e+03 "ST_Thread" "P#0_T#3973158720" "STV_MPI_Irecv"
12 1.3234828230000e+03 "ST_Thread" "P#0_T#3973158720"
11 1.3234848130000e+03 "ST_Thread" "P#0_T#3973158720" "STV_MPI_Send"
40 1.3234848130000e+03 "L_MPI_P2P" "C_Prog" "P#0_T#3973158720" "src=0, dest=2, len=40000000, tag=0" "0_2_                   0_0xf1c310"
12 1.3235411310000e+03 "ST_Thread" "P#3_T#3182556992"
11 1.3235453290000e+03 "ST_Thread" "P#3_T#3182556992" "STV_MPI_Recv"
12 1.6793779050000e+03 "ST_Thread" "P#0_T#3973158720"
11 1.6793790140000e+03 "ST_Thread" "P#0_T#3973158720" "STV_MPI_Recv"
41 1.6793840930000e+03 "L_MPI_P2P" "C_Prog" "P#0_T#3973158720" "src=1, dest=0, len=4, tag=1" "1_0_                   1_0xef6bf0"
12 1.6793840930000e+03 "ST_Thread" "P#0_T#3973158720"
11 1.6793845070000e+03 "ST_Thread" "P#0_T#3973158720" "STV_MPI_Irecv"
12 1.6793854930000e+03 "ST_Thread" "P#0_T#3973158720"
11 1.6793858770000e+03 "ST_Thread" "P#0_T#3973158720" "STV_MPI_Send"
40 1.6793858770000e+03 "L_MPI_P2P" "C_Prog" "P#0_T#3973158720" "src=0, dest=1, len=40000000, tag=0" "0_1_                   0_0xf096f0"
41 1.6852471850000e+03 "L_MPI_P2P" "C_Prog" "P#1_T#1810073408" "src=0, dest=1, len=40000000, tag=0" "0_1_                   0_0xf096f0"
12 1.6852471850000e+03 "ST_Thread" "P#1_T#1810073408"
12 1.6852784840000e+03 "ST_Thread" "P#0_T#3973158720"
11 1.6852791670000e+03 "ST_Thread" "P#0_T#3973158720" "STV_MPI_Recv"
41 1.6852811970000e+03 "L_MPI_P2P" "C_Prog" "P#0_T#3973158720" "src=3, dest=0, len=4, tag=1" "3_0_                   1_0xef6d00"
12 1.6852811970000e+03 "ST_Thread" "P#0_T#3973158720"
11 1.6852816970000e+03 "ST_Thread" "P#0_T#3973158720" "STV_MPI_Irecv"
12 1.6852824500000e+03 "ST_Thread" "P#0_T#3973158720"
11 1.6852829830000e+03 "ST_Thread" "P#0_T#3973158720" "STV_MPI_Send"
40 1.6852829830000e+03 "L_MPI_P2P" "C_Prog" "P#0_T#3973158720" "src=0, dest=3, len=40000000, tag=0" "0_3_                   0_0xf2ef30"
41 1.7010600550000e+03 "L_MPI_P2P" "C_Prog" "P#2_T#3819898688" "src=0, dest=2, len=40000000, tag=0" "0_2_                   0_0xf1c310"
12 1.7010600550000e+03 "ST_Thread" "P#2_T#3819898688"
11 1.7064112580000e+03 "ST_Thread" "P#1_T#1810073408" "STV_MPI_Send"
40 1.7064112580000e+03 "L_MPI_P2P" "C_Prog" "P#1_T#1810073408" "src=1, dest=0, len=4, tag=0" "1_0_                   0_0xef6f20"
12 1.7064143050000e+03 "ST_Thread" "P#1_T#1810073408"
11 1.7064147110000e+03 "ST_Thread" "P#1_T#1810073408" "STV_MPI_Send"
40 1.7064147110000e+03 "L_MPI_P2P" "C_Prog" "P#1_T#1810073408" "src=1, dest=0, len=4, tag=1" "1_0_                   1_0xef70b8"
12 1.7064152270000e+03 "ST_Thread" "P#1_T#1810073408"
11 1.7064156080000e+03 "ST_Thread" "P#1_T#1810073408" "STV_MPI_Recv"
11 1.7220793660000e+03 "ST_Thread" "P#2_T#3819898688" "STV_MPI_Send"
40 1.7220793660000e+03 "L_MPI_P2P" "C_Prog" "P#2_T#3819898688" "src=2, dest=0, len=4, tag=0" "2_0_                   0_0xef6e10"
12 1.7220899630000e+03 "ST_Thread" "P#2_T#3819898688"
11 1.7220904790000e+03 "ST_Thread" "P#2_T#3819898688" "STV_MPI_Send"
40 1.7220904790000e+03 "L_MPI_P2P" "C_Prog" "P#2_T#3819898688" "src=2, dest=0, len=4, tag=1" "2_0_                   1_0xef7140"
12 1.7220920690000e+03 "ST_Thread" "P#2_T#3819898688"
11 1.7220925600000e+03 "ST_Thread" "P#2_T#3819898688" "STV_MPI_Recv"
12 2.0610303140000e+03 "ST_Thread" "P#0_T#3973158720"
11 2.0610317610000e+03 "ST_Thread" "P#0_T#3973158720" "STV_MPI_Recv"
41 2.0610339550000e+03 "L_MPI_P2P" "C_Prog" "P#0_T#3973158720" "src=1, dest=0, len=4, tag=1" "1_0_                   1_0xef70b8"
12 2.0610339550000e+03 "ST_Thread" "P#0_T#3973158720"
11 2.0610344240000e+03 "ST_Thread" "P#0_T#3973158720" "STV_MPI_Irecv"
12 2.0610541890000e+03 "ST_Thread" "P#0_T#3973158720"
11 2.0610546810000e+03 "ST_Thread" "P#0_T#3973158720" "STV_MPI_Send"
40 2.0610546810000e+03 "L_MPI_P2P" "C_Prog" "P#0_T#3973158720" "src=0, dest=1, len=40000000, tag=0" "0_1_                   0_0xf09778"
41 2.0657447670000e+03 "L_MPI_P2P" "C_Prog" "P#1_T#1810073408" "src=0, dest=1, len=40000000, tag=0" "0_1_                   0_0xf09778"
12 2.0657447670000e+03 "ST_Thread" "P#1_T#1810073408"
12 2.0657759070000e+03 "ST_Thread" "P#0_T#3973158720"
11 2.0657767650000e+03 "ST_Thread" "P#0_T#3973158720" "STV_MPI_Recv"
41 2.0657784860000e+03 "L_MPI_P2P" "C_Prog" "P#0_T#3973158720" "src=2, dest=0, len=4, tag=1" "2_0_                   1_0xef7140"
12 2.0657784860000e+03 "ST_Thread" "P#0_T#3973158720"
11 2.0657790440000e+03 "ST_Thread" "P#0_T#3973158720" "STV_MPI_Irecv"
12 2.0657798850000e+03 "ST_Thread" "P#0_T#3973158720"
11 2.0657803750000e+03 "ST_Thread" "P#0_T#3973158720" "STV_MPI_Send"
40 2.0657803750000e+03 "L_MPI_P2P" "C_Prog" "P#0_T#3973158720" "src=0, dest=2, len=40000000, tag=0" "0_2_                   0_0xf1c398"
41 2.0800636060000e+03 "L_MPI_P2P" "C_Prog" "P#3_T#3182556992" "src=0, dest=3, len=40000000, tag=0" "0_3_                   0_0xf2ef30"
12 2.0800636060000e+03 "ST_Thread" "P#3_T#3182556992"
11 2.0871469270000e+03 "ST_Thread" "P#1_T#1810073408" "STV_MPI_Send"
40 2.0871469270000e+03 "L_MPI_P2P" "C_Prog" "P#1_T#1810073408" "src=1, dest=0, len=4, tag=0" "1_0_                   0_0xef7250"
12 2.0871496090000e+03 "ST_Thread" "P#1_T#1810073408"
11 2.0871500270000e+03 "ST_Thread" "P#1_T#1810073408" "STV_MPI_Send"
40 2.0871500270000e+03 "L_MPI_P2P" "C_Prog" "P#1_T#1810073408" "src=1, dest=0, len=4, tag=1" "1_0_                   1_0xef73e8"
12 2.0871504840000e+03 "ST_Thread" "P#1_T#1810073408"
11 2.0871509190000e+03 "ST_Thread" "P#1_T#1810073408" "STV_MPI_Recv"
11 2.1024549750000e+03 "ST_Thread" "P#3_T#3182556992" "STV_MPI_Send"
40 2.1024549750000e+03 "L_MPI_P2P" "C_Prog" "P#3_T#3182556992" "src=3, dest=0, len=4, tag=0" "3_0_                   0_0xef7030"
12 2.1024712110000e+03 "ST_Thread" "P#3_T#3182556992"
11 2.1024717440000e+03 "ST_Thread" "P#3_T#3182556992" "STV_MPI_Send"
40 2.1024717440000e+03 "L_MPI_P2P" "C_Prog" "P#3_T#3182556992" "src=3, dest=0, len=4, tag=1" "3_0_                   1_0xef7470"
12 2.1024731150000e+03 "ST_Thread" "P#3_T#3182556992"
11 2.1024737360000e+03 "ST_Thread" "P#3_T#3182556992" "STV_MPI_Recv"
12 2.4368309880000e+03 "ST_Thread" "P#0_T#3973158720"
11 2.4368328610000e+03 "ST_Thread" "P#0_T#3973158720" "STV_MPI_Recv"
41 2.4368348530000e+03 "L_MPI_P2P" "C_Prog" "P#0_T#3973158720" "src=3, dest=0, len=4, tag=1" "3_0_                   1_0xef7470"
12 2.4368348530000e+03 "ST_Thread" "P#0_T#3973158720"
11 2.4368356210000e+03 "ST_Thread" "P#0_T#3973158720" "STV_MPI_Irecv"
12 2.4368369020000e+03 "ST_Thread" "P#0_T#3973158720"
11 2.4368374310000e+03 "ST_Thread" "P#0_T#3973158720" "STV_MPI_Send"
40 2.4368374310000e+03 "L_MPI_P2P" "C_Prog" "P#0_T#3973158720" "src=0, dest=3, len=40000000, tag=0" "0_3_                   0_0xf2efb8"
41 2.4632864560000e+03 "L_MPI_P2P" "C_Prog" "P#2_T#3819898688" "src=0, dest=2, len=40000000, tag=0" "0_2_                   0_0xf1c398"
12 2.4632864560000e+03 "ST_Thread" "P#2_T#3819898688"
11 2.4843278410000e+03 "ST_Thread" "P#2_T#3819898688" "STV_MPI_Send"
40 2.4843278410000e+03 "L_MPI_P2P" "C_Prog" "P#2_T#3819898688" "src=2, dest=0, len=4, tag=0" "2_0_                   0_0xef7360"
12 2.4843371540000e+03 "ST_Thread" "P#2_T#3819898688"
11 2.4843376730000e+03 "ST_Thread" "P#2_T#3819898688" "STV_MPI_Send"
40 2.4843376730000e+03 "L_MPI_P2P" "C_Prog" "P#2_T#3819898688" "src=2, dest=0, len=4, tag=1" "2_0_                   1_0xef7608"
12 2.4843389660000e+03 "ST_Thread" "P#2_T#3819898688"
11 2.4843394610000e+03 "ST_Thread" "P#2_T#3819898688" "STV_MPI_Recv"
12 2.8140101210000e+03 "ST_Thread" "P#0_T#3973158720"
11 2.8140114410000e+03 "ST_Thread" "P#0_T#3973158720" "STV_MPI_Recv"
41 2.8140135590000e+03 "L_MPI_P2P" "C_Prog" "P#0_T#3973158720" "src=1, dest=0, len=4, tag=1" "1_0_                   1_0xef73e8"
12 2.8140135590000e+03 "ST_Thread" "P#0_T#3973158720"
11 2.8140141260000e+03 "ST_Thread" "P#0_T#3973158720" "STV_MPI_Irecv"
12 2.8140155170000e+03 "ST_Thread" "P#0_T#3973158720"
11 2.8140160970000e+03 "ST_Thread" "P#0_T#3973158720" "STV_MPI_Send"
40 2.8140160970000e+03 "L_MPI_P2P" "C_Prog" "P#0_T#3973158720" "src=0, dest=1, len=40000000, tag=0" "0_1_                   0_0xf09800"
41 2.8187888530000e+03 "L_MPI_P2P" "C_Prog" "P#1_T#1810073408" "src=0, dest=1, len=40000000, tag=0" "0_1_                   0_0xf09800"
12 2.8187888530000e+03 "ST_Thread" "P#1_T#1810073408"
12 2.8188194050000e+03 "ST_Thread" "P#0_T#3973158720"
11 2.8188200720000e+03 "ST_Thread" "P#0_T#3973158720" "STV_MPI_Recv"
41 2.8188213180000e+03 "L_MPI_P2P" "C_Prog" "P#0_T#3973158720" "src=2, dest=0, len=4, tag=1" "2_0_                   1_0xef7608"
12 2.8188213180000e+03 "ST_Thread" "P#0_T#3973158720"
11 2.8188221060000e+03 "ST_Thread" "P#0_T#3973158720" "STV_MPI_Irecv"
12 2.8188231970000e+03 "ST_Thread" "P#0_T#3973158720"
11 2.8188236910000e+03 "ST_Thread" "P#0_T#3973158720" "STV_MPI_Send"
40 2.8188236910000e+03 "L_MPI_P2P" "C_Prog" "P#0_T#3973158720" "src=0, dest=2, len=40000000, tag=0" "0_2_                   0_0xf1c420"
41 2.8367746100000e+03 "L_MPI_P2P" "C_Prog" "P#3_T#3182556992" "src=0, dest=3, len=40000000, tag=0" "0_3_                   0_0xf2efb8"
12 2.8367746100000e+03 "ST_Thread" "P#3_T#3182556992"
11 2.8400543560000e+03 "ST_Thread" "P#1_T#1810073408" "STV_MPI_Send"
40 2.8400543560000e+03 "L_MPI_P2P" "C_Prog" "P#1_T#1810073408" "src=1, dest=0, len=4, tag=0" "1_0_                   0_0xef7718"
12 2.8400573140000e+03 "ST_Thread" "P#1_T#1810073408"
11 2.8400577630000e+03 "ST_Thread" "P#1_T#1810073408" "STV_MPI_Send"
40 2.8400577630000e+03 "L_MPI_P2P" "C_Prog" "P#1_T#1810073408" "src=1, dest=0, len=4, tag=1" "1_0_                   1_0xef78b0"
12 2.8400583300000e+03 "ST_Thread" "P#1_T#1810073408"
11 2.8400589990000e+03 "ST_Thread" "P#1_T#1810073408" "STV_MPI_Recv"
11 2.8578837790000e+03 "ST_Thread" "P#3_T#3182556992" "STV_MPI_Send"
40 2.8578837790000e+03 "L_MPI_P2P" "C_Prog" "P#3_T#3182556992" "src=3, dest=0, len=4, tag=0" "3_0_                   0_0xef7580"
12 2.8578916580000e+03 "ST_Thread" "P#3_T#3182556992"
11 2.8578921410000e+03 "ST_Thread" "P#3_T#3182556992" "STV_MPI_Send"
40 2.8578921410000e+03 "L_MPI_P2P" "C_Prog" "P#3_T#3182556992" "src=3, dest=0, len=4, tag=1" "3_0_                   1_0xef7938"
12 2.8578933880000e+03 "ST_Thread" "P#3_T#3182556992"
11 2.8578938830000e+03 "ST_Thread" "P#3_T#3182556992" "STV_MPI_Recv"
12 3.1925972550000e+03 "ST_Thread" "P#0_T#3973158720"
11 3.1925981520000e+03 "ST_Thread" "P#0_T#3973158720" "STV_MPI_Recv"
41 3.1925991170000e+03 "L_MPI_P2P" "C_Prog" "P#0_T#3973158720" "src=3, dest=0, len=4, tag=1" "3_0_                   1_0xef7938"
12 3.1925991170000e+03 "ST_Thread" "P#0_T#3973158720"
11 3.1925996720000e+03 "ST_Thread" "P#0_T#3973158720" "STV_MPI_Irecv"
12 3.1926004880000e+03 "ST_Thread" "P#0_T#3973158720"
11 3.1926008780000e+03 "ST_Thread" "P#0_T#3973158720" "STV_MPI_Send"
40 3.1926008780000e+03 "L_MPI_P2P" "C_Prog" "P#0_T#3973158720" "src=0, dest=3, len=40000000, tag=0" "0_3_                   0_0xf2f040"
41 3.2190841300000e+03 "L_MPI_P2P" "C_Prog" "P#2_T#3819898688" "src=0, dest=2, len=40000000, tag=0" "0_2_                   0_0xf1c420"
12 3.2190841300000e+03 "ST_Thread" "P#2_T#3819898688"
11 3.2401118360000e+03 "ST_Thread" "P#2_T#3819898688" "STV_MPI_Send"
40 3.2401118360000e+03 "L_MPI_P2P" "C_Prog" "P#2_T#3819898688" "src=2, dest=0, len=4, tag=0" "2_0_                   0_0xef7828"
12 3.2401199400000e+03 "ST_Thread" "P#2_T#3819898688"
11 3.2401204380000e+03 "ST_Thread" "P#2_T#3819898688" "STV_MPI_Send"
40 3.2401204380000e+03 "L_MPI_P2P" "C_Prog" "P#2_T#3819898688" "src=2, dest=0, len=4, tag=1" "2_0_                   1_0xef7ad0"
12 3.2401216590000e+03 "ST_Thread" "P#2_T#3819898688"
11 3.2401222720000e+03 "ST_Thread" "P#2_T#3819898688" "STV_MPI_Recv"
12 3.5728971640000e+03 "ST_Thread" "P#0_T#3973158720"
11 3.5728985990000e+03 "ST_Thread" "P#0_T#3973158720" "STV_MPI_Recv"
41 3.5729000740000e+03 "L_MPI_P2P" "C_Prog" "P#0_T#3973158720" "src=1, dest=0, len=4, tag=1" "1_0_                   1_0xef78b0"
12 3.5729000740000e+03 "ST_Thread" "P#0_T#3973158720"
11 3.5729004150000e+03 "ST_Thread" "P#0_T#3973158720" "STV_MPI_Irecv"
12 3.5729012650000e+03 "ST_Thread" "P#0_T#3973158720"
11 3.5729016590000e+03 "ST_Thread" "P#0_T#3973158720" "STV_MPI_Send"
40 3.5729016590000e+03 "L_MPI_P2P" "C_Prog" "P#0_T#3973158720" "src=0, dest=1, len=40000000, tag=0" "0_1_                   0_0xf09888"
41 3.5776571170000e+03 "L_MPI_P2P" "C_Prog" "P#1_T#1810073408" "src=0, dest=1, len=40000000, tag=0" "0_1_                   0_0xf09888"
12 3.5776571170000e+03 "ST_Thread" "P#1_T#1810073408"
12 3.5776884980000e+03 "ST_Thread" "P#0_T#3973158720"
11 3.5776895580000e+03 "ST_Thread" "P#0_T#3973158720" "STV_MPI_Recv"
41 3.5890589600000e+03 "L_MPI_P2P" "C_Prog" "P#3_T#3182556992" "src=0, dest=3, len=40000000, tag=0" "0_3_                   0_0xf2f040"
12 3.5890589600000e+03 "ST_Thread" "P#3_T#3182556992"
11 3.5988735010000e+03 "ST_Thread" "P#1_T#1810073408" "STV_MPI_Send"
40 3.5988735010000e+03 "L_MPI_P2P" "C_Prog" "P#1_T#1810073408" "src=1, dest=0, len=4, tag=0" "1_0_                   0_0xef7be0"
12 3.5988760070000e+03 "ST_Thread" "P#1_T#1810073408"
11 3.5988763800000e+03 "ST_Thread" "P#1_T#1810073408" "STV_MPI_Send"
40 3.5988763800000e+03 "L_MPI_P2P" "C_Prog" "P#1_T#1810073408" "src=1, dest=0, len=4, tag=1" "1_0_                   1_0xef7c68"
12 3.5988767880000e+03 "ST_Thread" "P#1_T#1810073408"
11 3.5988773600000e+03 "ST_Thread" "P#1_T#1810073408" "STV_MPI_Recv"
11 3.5988870630000e+03 "ST_Thread" "P#1_T#1810073408" "STV_EZTRACE_SYNC"
11 3.5989054870000e+03 "ST_Thread" "P#2_T#3819898688" "STV_EZTRACE_SYNC"
41 3.5989104550000e+03 "L_MPI_P2P" "C_Prog" "P#0_T#3973158720" "src=1, dest=0, len=4, tag=1" "1_0_                   1_0xef7c68"
12 3.5989104550000e+03 "ST_Thread" "P#0_T#3973158720"
11 3.5989108560000e+03 "ST_Thread" "P#0_T#3973158720" "STV_MPI_Send"
12 3.5989108560000e+03 "ST_Thread" "P#1_T#1810073408"
40 3.5989108560000e+03 "L_MPI_P2P" "C_Prog" "P#0_T#3973158720" "src=0, dest=1, len=40000000, tag=0" "0_1_                   0_0xf09910"
41 3.5989108560000e+03 "L_MPI_P2P" "C_Prog" "P#1_T#1810073408" "src=0, dest=1, len=40000000, tag=0" "0_1_                   0_0xf09910"
12 3.5989108560000e+03 "ST_Thread" "P#1_T#1810073408"
12 3.5989152400000e+03 "ST_Thread" "P#0_T#3973158720"
11 3.5989155640000e+03 "ST_Thread" "P#0_T#3973158720" "STV_MPI_Recv"
41 3.5989164590000e+03 "L_MPI_P2P" "C_Prog" "P#0_T#3973158720" "src=2, dest=0, len=4, tag=1" "2_0_                   1_0xef7ad0"
12 3.5989164590000e+03 "ST_Thread" "P#0_T#3973158720"
11 3.5989167960000e+03 "ST_Thread" "P#0_T#3973158720" "STV_MPI_Send"
12 3.5989167960000e+03 "ST_Thread" "P#2_T#3819898688"
40 3.5989167960000e+03 "L_MPI_P2P" "C_Prog" "P#0_T#3973158720" "src=0, dest=2, len=40000000, tag=0" "0_2_                   0_0xf1c4a8"
41 3.5989167960000e+03 "L_MPI_P2P" "C_Prog" "P#2_T#3819898688" "src=0, dest=2, len=40000000, tag=0" "0_2_                   0_0xf1c4a8"
12 3.5989167960000e+03 "ST_Thread" "P#2_T#3819898688"
12 3.5989294240000e+03 "ST_Thread" "P#0_T#3973158720"
11 3.5989297570000e+03 "ST_Thread" "P#0_T#3973158720" "STV_MPI_Recv"
11 3.6101971260000e+03 "ST_Thread" "P#3_T#3182556992" "STV_MPI_Send"
40 3.6101971260000e+03 "L_MPI_P2P" "C_Prog" "P#3_T#3182556992" "src=3, dest=0, len=4, tag=0" "3_0_                   0_0xef7a48"
12 3.6102040920000e+03 "ST_Thread" "P#3_T#3182556992"
11 3.6102044560000e+03 "ST_Thread" "P#3_T#3182556992" "STV_MPI_Send"
40 3.6102044560000e+03 "L_MPI_P2P" "C_Prog" "P#3_T#3182556992" "src=3, dest=0, len=4, tag=1" "3_0_                   1_0xef7cf0"
12 3.6102057290000e+03 "ST_Thread" "P#3_T#3182556992"
11 3.6102061940000e+03 "ST_Thread" "P#3_T#3182556992" "STV_MPI_Recv"
41 3.6102765010000e+03 "L_MPI_P2P" "C_Prog" "P#0_T#3973158720" "src=3, dest=0, len=4, tag=1" "3_0_                   1_0xef7cf0"
12 3.6102765010000e+03 "ST_Thread" "P#0_T#3973158720"
11 3.6102769000000e+03 "ST_Thread" "P#0_T#3973158720" "STV_MPI_Send"
40 3.6102769000000e+03 "L_MPI_P2P" "C_Prog" "P#0_T#3973158720" "src=0, dest=3, len=40000000, tag=0" "0_3_                   0_0xf2f0c8"
12 3.6102794680000e+03 "ST_Thread" "P#0_T#3973158720"
11 3.6102982900000e+03 "ST_Thread" "P#0_T#3973158720" "STV_MPI_Wait"
41 3.6103032740000e+03 "L_MPI_P2P" "C_Prog" "P#0_T#3973158720" "src=2, dest=0, len=4, tag=0" "2_0_                   0_0xef6e10"
41 3.6103032740000e+03 "L_MPI_P2P" "C_Prog" "P#0_T#3973158720" "src=1, dest=0, len=4, tag=0" "1_0_                   0_0xef6f20"
41 3.6103032740000e+03 "L_MPI_P2P" "C_Prog" "P#0_T#3973158720" "src=3, dest=0, len=4, tag=0" "3_0_                   0_0xef7030"
41 3.6103032740000e+03 "L_MPI_P2P" "C_Prog" "P#0_T#3973158720" "src=1, dest=0, len=4, tag=0" "1_0_                   0_0xef7250"
41 3.6103032740000e+03 "L_MPI_P2P" "C_Prog" "P#0_T#3973158720" "src=2, dest=0, len=4, tag=0" "2_0_                   0_0xef7360"
41 3.6103032740000e+03 "L_MPI_P2P" "C_Prog" "P#0_T#3973158720" "src=3, dest=0, len=4, tag=0" "3_0_                   0_0xef7580"
41 3.6103032740000e+03 "L_MPI_P2P" "C_Prog" "P#0_T#3973158720" "src=1, dest=0, len=4, tag=0" "1_0_                   0_0xef7718"
41 3.6103032740000e+03 "L_MPI_P2P" "C_Prog" "P#0_T#3973158720" "src=2, dest=0, len=4, tag=0" "2_0_                   0_0xef7828"
41 3.6103032740000e+03 "L_MPI_P2P" "C_Prog" "P#0_T#3973158720" "src=3, dest=0, len=4, tag=0" "3_0_                   0_0xef7a48"
41 3.6103032740000e+03 "L_MPI_P2P" "C_Prog" "P#0_T#3973158720" "src=1, dest=0, len=4, tag=0" "1_0_                   0_0xef7be0"
12 3.6103032740000e+03 "ST_Thread" "P#0_T#3973158720"
41 3.6103376310000e+03 "L_MPI_P2P" "C_Prog" "P#3_T#3182556992" "src=0, dest=3, len=40000000, tag=0" "0_3_                   0_0xf2f0c8"
12 3.6103376310000e+03 "ST_Thread" "P#3_T#3182556992"
11 3.6118537060000e+03 "ST_Thread" "P#1_T#1810073408" "STV_Blocked"
7 3.6118544660000e+03 "P#1_T#1731364608" "CT_Thread" "P#1" "P#1_T#1731364608"
10 3.6118544660000e+03 "ST_Thread" "P#1_T#1731364608" "STV_Working"
8 3.6118544660000e+03 "P#1_T#1731364608" "CT_Thread"
11 3.6118622000000e+03 "ST_Thread" "P#0_T#3973158720" "STV_Blocked"
7 3.6118631300000e+03 "P#0_T#3894449920" "CT_Thread" "P#0" "P#0_T#3894449920"
10 3.6118631300000e+03 "ST_Thread" "P#0_T#3894449920" "STV_Working"
8 3.6118631300000e+03 "P#0_T#3894449920" "CT_Thread"
12 3.6118711700000e+03 "ST_Thread" "P#1_T#1810073408"
12 3.6118807990000e+03 "ST_Thread" "P#0_T#3973158720"
11 3.6118819890000e+03 "ST_Thread" "P#2_T#3819898688" "STV_Blocked"
7 3.6119333080000e+03 "P#2_T#3741189888" "CT_Thread" "P#2" "P#2_T#3741189888"
10 3.6119333080000e+03 "ST_Thread" "P#2_T#3741189888" "STV_Working"
8 3.6119333080000e+03 "P#2_T#3741189888" "CT_Thread"
11 3.6119375100000e+03 "ST_Thread" "P#1_T#1810073408" "STV_Blocked"
11 3.6119466320000e+03 "ST_Thread" "P#0_T#3973158720" "STV_Blocked"
12 3.6119475710000e+03 "ST_Thread" "P#2_T#3819898688"
7 3.6119543180000e+03 "P#1_T#1706190592" "CT_Thread" "P#1" "P#1_T#1706190592"
10 3.6119543180000e+03 "ST_Thread" "P#1_T#1706190592" "STV_Working"
8 3.6119543180000e+03 "P#1_T#1706190592" "CT_Thread"
12 3.6119604680000e+03 "ST_Thread" "P#1_T#1810073408"
11 3.6119623930000e+03 "ST_Thread" "P#3_T#3182556992" "STV_Blocked"
7 3.6119638380000e+03 "P#0_T#3869275904" "CT_Thread" "P#0" "P#0_T#3869275904"
10 3.6119638380000e+03 "ST_Thread" "P#0_T#3869275904" "STV_Working"
8 3.6119638380000e+03 "P#0_T#3869275904" "CT_Thread"
12 3.6119711730000e+03 "ST_Thread" "P#0_T#3973158720"
7 3.6120061000000e+03 "P#3_T#3103848192" "CT_Thread" "P#3" "P#3_T#3103848192"
10 3.6120061000000e+03 "ST_Thread" "P#3_T#3103848192" "STV_Working"
8 3.6120061000000e+03 "P#3_T#3103848192" "CT_Thread"
11 3.6120088750000e+03 "ST_Thread" "P#2_T#3819898688" "STV_Blocked"
7 3.6120134910000e+03 "P#2_T#3716015872" "CT_Thread" "P#2" "P#2_T#3716015872"
10 3.6120134910000e+03 "ST_Thread" "P#2_T#3716015872" "STV_Working"
8 3.6120134910000e+03 "P#2_T#3716015872" "CT_Thread"
12 3.6120209720000e+03 "ST_Thread" "P#2_T#3819898688"
12 3.6120252470000e+03 "ST_Thread" "P#3_T#3182556992"
11 3.6120899220000e+03 "ST_Thread" "P#3_T#3182556992" "STV_Blocked"
7 3.6121180080000e+03 "P#3_T#3095455488" "CT_Thread" "P#3" "P#3_T#3095455488"
10 3.6121180080000e+03 "ST_Thread" "P#3_T#3095455488" "STV_Working"
8 3.6121180080000e+03 "P#3_T#3095455488" "CT_Thread"
12 3.6121248820000e+03 "ST_Thread" "P#3_T#3182556992"
8 3.6123214380000e+03 "P#1_T#1810073408" "CT_Thread"
8 3.6123344260000e+03 "P#0_T#3973158720" "CT_Thread"
8 3.6123928950000e+03 "P#2_T#3819898688" "CT_Thread"
8 3.6124938710000e+03 "P#3_T#3182556992" "CT_Thread"
